Flow report for lab3
Thu Oct 01 19:06:03 2020
Quartus II Version 9.1 Build 350 03/24/2010 Service Pack 2 SJ Web Edition


---------------------
; Table of Contents ;
---------------------
  1. Legal Notice
  2. Flow Summary
  3. Flow Settings
  4. Flow Non-Default Global Settings
  5. Flow Elapsed Time
  6. Flow OS Summary
  7. Flow Log



----------------
; Legal Notice ;
----------------
Copyright (C) 1991-2010 Altera Corporation
Your use of Altera Corporation's design tools, logic functions 
and other software and tools, and its AMPP partner logic 
functions, and any output files from any of the foregoing 
(including device programming or simulation files), and any 
associated documentation or information are expressly subject 
to the terms and conditions of the Altera Program License 
Subscription Agreement, Altera MegaCore Function License 
Agreement, or other applicable license agreement, including, 
without limitation, that your use is for the sole purpose of 
programming logic devices manufactured by Altera and sold by 
Altera or its authorized distributors.  Please refer to the 
applicable agreement for further details.



+------------------------------------------------------------------------------+
; Flow Summary                                                                 ;
+-------------------------------+----------------------------------------------+
; Flow Status                   ; Successful - Thu Oct 01 19:06:03 2020        ;
; Quartus II Version            ; 9.1 Build 350 03/24/2010 SP 2 SJ Web Edition ;
; Revision Name                 ; lab3                                         ;
; Top-level Entity Name         ; main                                         ;
; Family                        ; Stratix II                                   ;
; Met timing requirements       ; No                                           ;
; Logic utilization             ; < 1 %                                        ;
;     Combinational ALUTs       ; 69 / 12,480 ( < 1 % )                        ;
;     Dedicated logic registers ; 24 / 12,480 ( < 1 % )                        ;
; Total registers               ; 24                                           ;
; Total pins                    ; 32 / 343 ( 9 % )                             ;
; Total virtual pins            ; 0                                            ;
; Total block memory bits       ; 528 / 419,328 ( < 1 % )                      ;
; DSP block 9-bit elements      ; 0 / 96 ( 0 % )                               ;
; Total PLLs                    ; 0 / 6 ( 0 % )                                ;
; Total DLLs                    ; 0 / 2 ( 0 % )                                ;
; Device                        ; EP2S15F484C3                                 ;
; Timing Models                 ; Final                                        ;
+-------------------------------+----------------------------------------------+


+-----------------------------------------+
; Flow Settings                           ;
+-------------------+---------------------+
; Option            ; Setting             ;
+-------------------+---------------------+
; Start date & time ; 10/01/2020 19:05:53 ;
; Main task         ; Compilation         ;
; Revision Name     ; lab3                ;
+-------------------+---------------------+


+---------------------------------------------------------------------------------------------------------------------+
; Flow Non-Default Global Settings                                                                                    ;
+------------------------------------+---------------------------------+---------------+-------------+----------------+
; Assignment Name                    ; Value                           ; Default Value ; Entity Name ; Section Id     ;
+------------------------------------+---------------------------------+---------------+-------------+----------------+
; COMPILER_SIGNATURE_ID              ; 251682017839456.160156835303888 ; --            ; --          ; --             ;
; IP_TOOL_NAME                       ; LPM_ROM                         ; --            ; --          ; --             ;
; IP_TOOL_NAME                       ; LPM_FF                          ; --            ; --          ; --             ;
; IP_TOOL_NAME                       ; LPM_COUNTER                     ; --            ; --          ; --             ;
; IP_TOOL_NAME                       ; LPM_ADD_SUB                     ; --            ; --          ; --             ;
; IP_TOOL_NAME                       ; LPM_ADD_SUB                     ; --            ; --          ; --             ;
; IP_TOOL_NAME                       ; LPM_COMPARE                     ; --            ; --          ; --             ;
; IP_TOOL_NAME                       ; LPM_COMPARE                     ; --            ; --          ; --             ;
; IP_TOOL_NAME                       ; LPM_FF                          ; --            ; --          ; --             ;
; IP_TOOL_NAME                       ; LPM_COUNTER                     ; --            ; --          ; --             ;
; IP_TOOL_NAME                       ; LPM_COMPARE                     ; --            ; --          ; --             ;
; IP_TOOL_NAME                       ; LPM_COMPARE                     ; --            ; --          ; --             ;
; IP_TOOL_NAME                       ; LPM_COMPARE                     ; --            ; --          ; --             ;
; IP_TOOL_NAME                       ; LPM_COMPARE                     ; --            ; --          ; --             ;
; IP_TOOL_NAME                       ; LPM_RAM_DP                      ; --            ; --          ; --             ;
; IP_TOOL_NAME                       ; LPM_RAM_DQ                      ; --            ; --          ; --             ;
; IP_TOOL_NAME                       ; LPM_BUSTRI                      ; --            ; --          ; --             ;
; IP_TOOL_NAME                       ; LPM_COMPARE                     ; --            ; --          ; --             ;
; IP_TOOL_NAME                       ; LPM_ADD_SUB                     ; --            ; --          ; --             ;
; IP_TOOL_NAME                       ; LPM_MUX                         ; --            ; --          ; --             ;
; IP_TOOL_NAME                       ; LPM_MUX                         ; --            ; --          ; --             ;
; IP_TOOL_NAME                       ; LPM_MUX                         ; --            ; --          ; --             ;
; IP_TOOL_VERSION                    ; 9.1                             ; --            ; --          ; --             ;
; IP_TOOL_VERSION                    ; 9.1                             ; --            ; --          ; --             ;
; IP_TOOL_VERSION                    ; 9.1                             ; --            ; --          ; --             ;
; IP_TOOL_VERSION                    ; 9.1                             ; --            ; --          ; --             ;
; IP_TOOL_VERSION                    ; 9.1                             ; --            ; --          ; --             ;
; IP_TOOL_VERSION                    ; 9.1                             ; --            ; --          ; --             ;
; IP_TOOL_VERSION                    ; 9.1                             ; --            ; --          ; --             ;
; IP_TOOL_VERSION                    ; 9.1                             ; --            ; --          ; --             ;
; IP_TOOL_VERSION                    ; 9.1                             ; --            ; --          ; --             ;
; IP_TOOL_VERSION                    ; 9.1                             ; --            ; --          ; --             ;
; IP_TOOL_VERSION                    ; 9.1                             ; --            ; --          ; --             ;
; IP_TOOL_VERSION                    ; 9.1                             ; --            ; --          ; --             ;
; IP_TOOL_VERSION                    ; 9.1                             ; --            ; --          ; --             ;
; IP_TOOL_VERSION                    ; 9.1                             ; --            ; --          ; --             ;
; IP_TOOL_VERSION                    ; 9.1                             ; --            ; --          ; --             ;
; IP_TOOL_VERSION                    ; 9.1                             ; --            ; --          ; --             ;
; IP_TOOL_VERSION                    ; 9.1                             ; --            ; --          ; --             ;
; IP_TOOL_VERSION                    ; 9.1                             ; --            ; --          ; --             ;
; IP_TOOL_VERSION                    ; 9.1                             ; --            ; --          ; --             ;
; IP_TOOL_VERSION                    ; 9.1                             ; --            ; --          ; --             ;
; IP_TOOL_VERSION                    ; 9.1                             ; --            ; --          ; --             ;
; MISC_FILE                          ; lpm_rom0.tdf                    ; --            ; --          ; --             ;
; MISC_FILE                          ; lpm_rom0.bsf                    ; --            ; --          ; --             ;
; MISC_FILE                          ; lpm_rom0.inc                    ; --            ; --          ; --             ;
; MISC_FILE                          ; lpm_rom0.cmp                    ; --            ; --          ; --             ;
; MISC_FILE                          ; lpm_dff0.tdf                    ; --            ; --          ; --             ;
; MISC_FILE                          ; lpm_dff0.bsf                    ; --            ; --          ; --             ;
; MISC_FILE                          ; lpm_dff0.inc                    ; --            ; --          ; --             ;
; MISC_FILE                          ; lpm_dff0.cmp                    ; --            ; --          ; --             ;
; MISC_FILE                          ; lpm_counter0.tdf                ; --            ; --          ; --             ;
; MISC_FILE                          ; lpm_counter0.bsf                ; --            ; --          ; --             ;
; MISC_FILE                          ; lpm_counter0.inc                ; --            ; --          ; --             ;
; MISC_FILE                          ; lpm_counter0.cmp                ; --            ; --          ; --             ;
; MISC_FILE                          ; lpm_add_sub0.tdf                ; --            ; --          ; --             ;
; MISC_FILE                          ; lpm_add_sub0.bsf                ; --            ; --          ; --             ;
; MISC_FILE                          ; lpm_add_sub0.inc                ; --            ; --          ; --             ;
; MISC_FILE                          ; lpm_add_sub0.cmp                ; --            ; --          ; --             ;
; MISC_FILE                          ; lpm_add_sub1.tdf                ; --            ; --          ; --             ;
; MISC_FILE                          ; lpm_add_sub1.bsf                ; --            ; --          ; --             ;
; MISC_FILE                          ; lpm_add_sub1.inc                ; --            ; --          ; --             ;
; MISC_FILE                          ; lpm_add_sub1.cmp                ; --            ; --          ; --             ;
; MISC_FILE                          ; lpm_compare0.tdf                ; --            ; --          ; --             ;
; MISC_FILE                          ; lpm_compare0.bsf                ; --            ; --          ; --             ;
; MISC_FILE                          ; lpm_compare0.inc                ; --            ; --          ; --             ;
; MISC_FILE                          ; lpm_compare0.cmp                ; --            ; --          ; --             ;
; MISC_FILE                          ; lpm_compare1.tdf                ; --            ; --          ; --             ;
; MISC_FILE                          ; lpm_compare1.bsf                ; --            ; --          ; --             ;
; MISC_FILE                          ; lpm_compare1.inc                ; --            ; --          ; --             ;
; MISC_FILE                          ; lpm_compare1.cmp                ; --            ; --          ; --             ;
; MISC_FILE                          ; lpm_dff1.tdf                    ; --            ; --          ; --             ;
; MISC_FILE                          ; lpm_dff1.bsf                    ; --            ; --          ; --             ;
; MISC_FILE                          ; lpm_dff1.inc                    ; --            ; --          ; --             ;
; MISC_FILE                          ; lpm_dff1.cmp                    ; --            ; --          ; --             ;
; MISC_FILE                          ; lpm_counter1.tdf                ; --            ; --          ; --             ;
; MISC_FILE                          ; lpm_counter1.bsf                ; --            ; --          ; --             ;
; MISC_FILE                          ; lpm_counter1.inc                ; --            ; --          ; --             ;
; MISC_FILE                          ; lpm_counter1.cmp                ; --            ; --          ; --             ;
; MISC_FILE                          ; lpm_compare2.tdf                ; --            ; --          ; --             ;
; MISC_FILE                          ; lpm_compare2.bsf                ; --            ; --          ; --             ;
; MISC_FILE                          ; lpm_compare2.inc                ; --            ; --          ; --             ;
; MISC_FILE                          ; lpm_compare2.cmp                ; --            ; --          ; --             ;
; MISC_FILE                          ; lpm_compare3.tdf                ; --            ; --          ; --             ;
; MISC_FILE                          ; lpm_compare3.bsf                ; --            ; --          ; --             ;
; MISC_FILE                          ; lpm_compare3.inc                ; --            ; --          ; --             ;
; MISC_FILE                          ; lpm_compare3.cmp                ; --            ; --          ; --             ;
; MISC_FILE                          ; lpm_compare4.tdf                ; --            ; --          ; --             ;
; MISC_FILE                          ; lpm_compare4.bsf                ; --            ; --          ; --             ;
; MISC_FILE                          ; lpm_compare4.inc                ; --            ; --          ; --             ;
; MISC_FILE                          ; lpm_compare4.cmp                ; --            ; --          ; --             ;
; MISC_FILE                          ; lpm_compare5.tdf                ; --            ; --          ; --             ;
; MISC_FILE                          ; lpm_compare5.bsf                ; --            ; --          ; --             ;
; MISC_FILE                          ; lpm_compare5.inc                ; --            ; --          ; --             ;
; MISC_FILE                          ; lpm_compare5.cmp                ; --            ; --          ; --             ;
; MISC_FILE                          ; lpm_ram_dp0.tdf                 ; --            ; --          ; --             ;
; MISC_FILE                          ; lpm_ram_dp0.bsf                 ; --            ; --          ; --             ;
; MISC_FILE                          ; lpm_ram_dp0.inc                 ; --            ; --          ; --             ;
; MISC_FILE                          ; lpm_ram_dp0.cmp                 ; --            ; --          ; --             ;
; MISC_FILE                          ; lpm_ram_dq2.tdf                 ; --            ; --          ; --             ;
; MISC_FILE                          ; lpm_ram_dq2.bsf                 ; --            ; --          ; --             ;
; MISC_FILE                          ; lpm_ram_dq2.inc                 ; --            ; --          ; --             ;
; MISC_FILE                          ; lpm_ram_dq2.cmp                 ; --            ; --          ; --             ;
; MISC_FILE                          ; lpm_bustri0.tdf                 ; --            ; --          ; --             ;
; MISC_FILE                          ; lpm_bustri0.bsf                 ; --            ; --          ; --             ;
; MISC_FILE                          ; lpm_bustri0.inc                 ; --            ; --          ; --             ;
; MISC_FILE                          ; lpm_bustri0.cmp                 ; --            ; --          ; --             ;
; MISC_FILE                          ; lpm_compare6.tdf                ; --            ; --          ; --             ;
; MISC_FILE                          ; lpm_compare6.bsf                ; --            ; --          ; --             ;
; MISC_FILE                          ; lpm_compare6.inc                ; --            ; --          ; --             ;
; MISC_FILE                          ; lpm_compare6.cmp                ; --            ; --          ; --             ;
; MISC_FILE                          ; lpm_add_sub2.tdf                ; --            ; --          ; --             ;
; MISC_FILE                          ; lpm_add_sub2.bsf                ; --            ; --          ; --             ;
; MISC_FILE                          ; lpm_add_sub2.inc                ; --            ; --          ; --             ;
; MISC_FILE                          ; lpm_add_sub2.cmp                ; --            ; --          ; --             ;
; MISC_FILE                          ; lpm_mux3.tdf                    ; --            ; --          ; --             ;
; MISC_FILE                          ; lpm_mux3.bsf                    ; --            ; --          ; --             ;
; MISC_FILE                          ; lpm_mux3.inc                    ; --            ; --          ; --             ;
; MISC_FILE                          ; lpm_mux3.cmp                    ; --            ; --          ; --             ;
; MISC_FILE                          ; lpm_mux0.tdf                    ; --            ; --          ; --             ;
; MISC_FILE                          ; lpm_mux0.bsf                    ; --            ; --          ; --             ;
; MISC_FILE                          ; lpm_mux0.inc                    ; --            ; --          ; --             ;
; MISC_FILE                          ; lpm_mux0.cmp                    ; --            ; --          ; --             ;
; MISC_FILE                          ; lpm_mux1.tdf                    ; --            ; --          ; --             ;
; MISC_FILE                          ; lpm_mux1.bsf                    ; --            ; --          ; --             ;
; MISC_FILE                          ; lpm_mux1.inc                    ; --            ; --          ; --             ;
; MISC_FILE                          ; lpm_mux1.cmp                    ; --            ; --          ; --             ;
; PARTITION_COLOR                    ; 16764057                        ; --            ; main        ; Top            ;
; PARTITION_NETLIST_TYPE             ; SOURCE                          ; --            ; main        ; Top            ;
; TOP_LEVEL_ENTITY                   ; main                            ; lab3          ; --          ; --             ;
; USE_GENERATED_PHYSICAL_CONSTRAINTS ; Off                             ; --            ; --          ; eda_blast_fpga ;
+------------------------------------+---------------------------------+---------------+-------------+----------------+


+-----------------------------------------------------------------------------------------------------------------------------+
; Flow Elapsed Time                                                                                                           ;
+-------------------------+--------------+-------------------------+---------------------+------------------------------------+
; Module Name             ; Elapsed Time ; Average Processors Used ; Peak Virtual Memory ; Total CPU Time (on all processors) ;
+-------------------------+--------------+-------------------------+---------------------+------------------------------------+
; Analysis & Synthesis    ; 00:00:03     ; 1.0                     ; 237 MB              ; 00:00:02                           ;
; Fitter                  ; 00:00:03     ; 1.0                     ; 285 MB              ; 00:00:03                           ;
; Assembler               ; 00:00:02     ; 1.0                     ; 243 MB              ; 00:00:02                           ;
; Classic Timing Analyzer ; 00:00:00     ; 1.0                     ; 174 MB              ; 00:00:00                           ;
; Total                   ; 00:00:08     ; --                      ; --                  ; 00:00:07                           ;
+-------------------------+--------------+-------------------------+---------------------+------------------------------------+


+------------------------------------------------------------------------------------------+
; Flow OS Summary                                                                          ;
+-------------------------+------------------+---------------+------------+----------------+
; Module Name             ; Machine Hostname ; OS Name       ; OS Version ; Processor type ;
+-------------------------+------------------+---------------+------------+----------------+
; Analysis & Synthesis    ; DESKTOP-68QPLJQ  ; Windows Vista ; 6.2        ; x86_64         ;
; Fitter                  ; DESKTOP-68QPLJQ  ; Windows Vista ; 6.2        ; x86_64         ;
; Assembler               ; DESKTOP-68QPLJQ  ; Windows Vista ; 6.2        ; x86_64         ;
; Classic Timing Analyzer ; DESKTOP-68QPLJQ  ; Windows Vista ; 6.2        ; x86_64         ;
+-------------------------+------------------+---------------+------------+----------------+


------------
; Flow Log ;
------------
quartus_map --read_settings_files=on --write_settings_files=off lab3 -c lab3
quartus_fit --read_settings_files=off --write_settings_files=off lab3 -c lab3
quartus_asm --read_settings_files=off --write_settings_files=off lab3 -c lab3
quartus_tan --read_settings_files=off --write_settings_files=off lab3 -c lab3 --timing_analysis_only



